<?xml version="1.0" encoding="UTF-8"?>
<testng-results ignored="0" total="2" passed="2" failed="0" skipped="0">
  <reporter-output>
  </reporter-output>
  <suite started-at="2022-02-28T09:13:03 EET" name="Vodafone Website" finished-at="2022-02-28T09:14:59 EET" duration-ms="115347">
    <groups>
      <group name="cucumber">
        <method signature="AbstractTestNGCucumberTests.runScenario(io.cucumber.testng.PickleWrapper, io.cucumber.testng.FeatureWrapper)[pri:0, instance:com.vodafone.vodafone_eshop_taf.eshop.tests.addToCart.AddtoCardRunner@242b836]" name="runScenario" class="io.cucumber.testng.AbstractTestNGCucumberTests"/>
      </group> <!-- cucumber -->
    </groups>
    <test started-at="2022-02-28T09:13:03 EET" name="add to cart 2-Report" finished-at="2022-02-28T09:14:59 EET" duration-ms="115347">
      <class name="com.vodafone.vodafone_eshop_taf.utilities.extent_report.ExtentReport">
        <test-method is-config="true" signature="startReport(java.lang.String)[pri:0, instance:com.vodafone.vodafone_eshop_taf.utilities.extent_report.ExtentReport@2d52216b]" started-at="2022-02-28T09:13:03 EET" name="startReport" finished-at="2022-02-28T09:13:04 EET" duration-ms="217" status="PASS">
          <params>
            <param index="0">
              <value>
                <![CDATA[add to cart 2-Report]]>
              </value>
            </param>
          </params>
          <reporter-output>
          </reporter-output>
        </test-method> <!-- startReport -->
      </class> <!-- com.vodafone.vodafone_eshop_taf.utilities.extent_report.ExtentReport -->
      <class name="com.vodafone.vodafone_eshop_taf.eshop.tests.addToCart.AddtoCardRunner">
        <test-method is-config="true" signature="setUpClass()[pri:0, instance:com.vodafone.vodafone_eshop_taf.eshop.tests.addToCart.AddtoCardRunner@242b836]" started-at="2022-02-28T09:13:04 EET" name="setUpClass" finished-at="2022-02-28T09:13:04 EET" duration-ms="470" status="PASS">
          <reporter-output>
          </reporter-output>
        </test-method> <!-- setUpClass -->
        <test-method signature="runScenario(io.cucumber.testng.PickleWrapper, io.cucumber.testng.FeatureWrapper)[pri:0, instance:com.vodafone.vodafone_eshop_taf.eshop.tests.addToCart.AddtoCardRunner@242b836]" started-at="2022-02-28T09:13:04 EET" name="runScenario" description="Runs Cucumber Scenarios" data-provider="scenarios" finished-at="2022-02-28T09:13:43 EET" duration-ms="38674" status="PASS">
          <params>
            <param index="0">
              <value>
                <![CDATA["Check that can't add more than one from the same item"]]>
              </value>
            </param>
            <param index="1">
              <value>
                <![CDATA["Optional[Add to cart feature]"]]>
              </value>
            </param>
          </params>
          <reporter-output>
          </reporter-output>
        </test-method> <!-- runScenario -->
        <test-method signature="runScenario(io.cucumber.testng.PickleWrapper, io.cucumber.testng.FeatureWrapper)[pri:0, instance:com.vodafone.vodafone_eshop_taf.eshop.tests.addToCart.AddtoCardRunner@242b836]" started-at="2022-02-28T09:13:43 EET" name="runScenario" description="Runs Cucumber Scenarios" data-provider="scenarios" finished-at="2022-02-28T09:14:58 EET" duration-ms="75504" status="PASS">
          <params>
            <param index="0">
              <value>
                <![CDATA["Check that can't add more than one from the same item"]]>
              </value>
            </param>
            <param index="1">
              <value>
                <![CDATA["Optional[Add to cart feature]"]]>
              </value>
            </param>
          </params>
          <reporter-output>
          </reporter-output>
        </test-method> <!-- runScenario -->
        <test-method is-config="true" signature="tearDownClass()[pri:0, instance:com.vodafone.vodafone_eshop_taf.eshop.tests.addToCart.AddtoCardRunner@242b836]" started-at="2022-02-28T09:14:58 EET" name="tearDownClass" finished-at="2022-02-28T09:14:59 EET" duration-ms="426" status="PASS">
          <reporter-output>
          </reporter-output>
        </test-method> <!-- tearDownClass -->
      </class> <!-- com.vodafone.vodafone_eshop_taf.eshop.tests.addToCart.AddtoCardRunner -->
    </test> <!-- add to cart 2-Report -->
  </suite> <!-- Vodafone Website -->
</testng-results>
