<?xml version="1.0" encoding="UTF-8"?>
<!-- Generated by org.testng.reporters.JUnitXMLReporter -->
<testsuite ignored="0" hostname="ITZTZ9R" failures="0" tests="2" name="add to cart 2-Report" time="115.347" errors="0" timestamp="2022-02-28T09:14:59 EET">
  <testcase classname="io.cucumber.testng.AbstractTestNGCucumberTests" name="runScenario" time="38.674"/>
  <testcase classname="io.cucumber.testng.AbstractTestNGCucumberTests" name="runScenario" time="75.504"/>
</testsuite> <!-- add to cart 2-Report -->
